<?xml version="1.0" encoding="UTF-8"?>
<testng-results ignored="0" total="1" passed="1" failed="0" skipped="0">
  <reporter-output>
  </reporter-output>
  <suite started-at="2022-04-07T13:35:57 IST" name="Default suite" finished-at="2022-04-07T13:36:56 IST" duration-ms="59147">
    <groups>
    </groups>
    <test started-at="2022-04-07T13:35:57 IST" name="Default test" finished-at="2022-04-07T13:36:56 IST" duration-ms="59147">
      <class name="com.qa.automation.TestCases.Login">
        <test-method is-config="true" signature="setup()[pri:0, instance:com.qa.automation.TestCases.Login@4310d43]" started-at="2022-04-07T13:35:58 IST" name="setup" finished-at="2022-04-07T13:36:48 IST" duration-ms="49393" status="PASS">
          <reporter-output>
          </reporter-output>
        </test-method> <!-- setup -->
        <test-method signature="loginTest(java.lang.String,java.lang.String)[pri:1, instance:com.qa.automation.TestCases.Login@4310d43]" started-at="2022-04-07T13:36:48 IST" name="loginTest" data-provider="logindata" finished-at="2022-04-07T13:36:56 IST" duration-ms="8169" status="PASS">
          <params>
            <param index="0">
              <value>
                <![CDATA[pratik123@gmail.com]]>
              </value>
            </param>
            <param index="1">
              <value>
                <![CDATA[pratik#321]]>
              </value>
            </param>
          </params>
          <reporter-output>
          </reporter-output>
        </test-method> <!-- loginTest -->
      </class> <!-- com.qa.automation.TestCases.Login -->
    </test> <!-- Default test -->
  </suite> <!-- Default suite -->
</testng-results>
