<?xml version="1.0" encoding="UTF-8"?>
<testng-results ignored="0" total="1" passed="1" failed="0" skipped="0">
  <reporter-output>
  </reporter-output>
  <suite started-at="2022-04-07T12:35:03 IST" name="Default suite" finished-at="2022-04-07T12:35:04 IST" duration-ms="1307">
    <groups>
    </groups>
    <test started-at="2022-04-07T12:35:03 IST" name="Default test" finished-at="2022-04-07T12:35:04 IST" duration-ms="1307">
      <class name="com.qa.automation.Util.ExcelHandler">
        <test-method signature="testData()[pri:0, instance:com.qa.automation.Util.ExcelHandler@6253c26]" started-at="2022-04-07T12:35:03 IST" name="testData" finished-at="2022-04-07T12:35:04 IST" duration-ms="1255" status="PASS">
          <reporter-output>
          </reporter-output>
        </test-method> <!-- testData -->
      </class> <!-- com.qa.automation.Util.ExcelHandler -->
    </test> <!-- Default test -->
  </suite> <!-- Default suite -->
</testng-results>
